<?xml version="1.0" encoding="UTF-8"?>
<testsuite name="SendEmailAfterLoginToValidAddress" failures="1" tests="1" time="173.831" errors="0">
  <properties/>
  <testcase name="test_SendEmailAfterLoginToValidAddress" time="173.606" classname="com.sharethis.QAAutomation.OAuth.Email.SendEmailAfterLoginToValidAddress">
    <failure type="junit.framework.ComparisonFailure" message="null expected:&lt;PASS&gt; but was:&lt;null&gt;">
      <![CDATA[junit.framework.ComparisonFailure: null expected:<PASS> but was:<null>
	at junit.framework.Assert.assertEquals(Assert.java:81)
	at junit.framework.Assert.assertEquals(Assert.java:87)
	at com.sharethis.QAAutomation.commonlib.STEmail.stSendOrCancelEmail1(STEmail.java:472)
	at com.sharethis.QAAutomation.OAuth.Email.SendEmailAfterLoginToValidAddress.test_SendEmailAfterLoginToValidAddress(SendEmailAfterLoginToValidAddress.java:84)
... Removed 22 stack frames]]>
    </failure>
  </testcase>
</testsuite>
