<?xml version="1.0" encoding="UTF-8"?>
<testsuite name="SharingToTwitter" failures="1" tests="1" time="296.856" errors="0">
  <properties/>
  <testcase name="test_SharingToTwitter" time="296.402" classname="com.sharethis.QAAutomation.OAuth.Sharing.SharingToTwitter">
    <failure type="junit.framework.ComparisonFailure" message="null expected:&lt;[PASS]&gt; but was:&lt;[FAIL]&gt;">
      <![CDATA[junit.framework.ComparisonFailure: null expected:<[PASS]> but was:<[FAIL]>
	at junit.framework.Assert.assertEquals(Assert.java:81)
	at junit.framework.Assert.assertEquals(Assert.java:87)
	at com.sharethis.QAAutomation.commonlib.STSharing.stTwitterSharingVerification(STSharing.java:563)
	at com.sharethis.QAAutomation.OAuth.Sharing.SharingToTwitter.test_SharingToTwitter(SharingToTwitter.java:65)
... Removed 22 stack frames]]>
    </failure>
  </testcase>
</testsuite>
