<?xml version="1.0" encoding="UTF-8"?>
<testsuite name="WidgetCreateAccountWithInvalidCredentials" failures="1" tests="1" time="28.078" errors="0">
  <properties/>
  <testcase name="test_WidgetCreateAccountWithInvalidEmail" time="27.962" classname="com.sharethis.QAAutomation.createAccountUsingWidget.WidgetCreateAccountWithInvalidCredentials">
    <failure type="java.lang.Error" message="Unresolved compilation problems: 
	Syntax error, insert &quot;Finally&quot; to complete TryStatement
	Syntax error on token &quot;catch&quot;, Identifier expected
	Syntax error on token &quot;}&quot;, { expected after this token
	returnVal cannot be resolved
">
      <![CDATA[java.lang.Error: Unresolved compilation problems: 
	Syntax error, insert "Finally" to complete TryStatement
	Syntax error on token "catch", Identifier expected
	Syntax error on token "}", { expected after this token
	returnVal cannot be resolved

	at com.sharethis.QAAutomation.commonlib.STRegisterAndSign.<init>(STRegisterAndSign.java:424)
	at com.sharethis.QAAutomation.createAccountUsingWidget.WidgetCreateAccountWithInvalidCredentials.test_WidgetCreateAccountWithInvalidEmail(WidgetCreateAccountWithInvalidCredentials.java:104)
... Removed 22 stack frames]]>
    </failure>
  </testcase>
</testsuite>
