<?xml version="1.0" encoding="UTF-8"?>
<testsuite name="DoneScreenLinksVerification" failures="1" tests="1" time="114.074" errors="0">
  <properties/>
  <testcase name="test_doneScreenLinksVerification" time="113.923" classname="com.sharethis.QAAutomation.doneScreen.DoneScreenLinksVerification">
    <failure type="java.lang.ArrayIndexOutOfBoundsException" message="3">
      <![CDATA[java.lang.ArrayIndexOutOfBoundsException: 3
	at com.sharethis.QAAutomation.commonlib.STDoneScreen.stOpenDoneScreen(STDoneScreen.java:57)
	at com.sharethis.QAAutomation.doneScreen.DoneScreenLinksVerification.test_doneScreenLinksVerification(DoneScreenLinksVerification.java:73)
... Removed 22 stack frames]]>
    </failure>
  </testcase>
</testsuite>
